<?xml version="1.0" encoding="UTF-8"?>
<testng-results skipped="0" failed="0" total="1" passed="1">
  <reporter-output>
  </reporter-output>
  <suite name="Suite" duration-ms="13260" started-at="2022-10-17T15:01:18Z" finished-at="2022-10-17T15:01:31Z">
    <groups>
    </groups>
    <test name="Test" duration-ms="13260" started-at="2022-10-17T15:01:18Z" finished-at="2022-10-17T15:01:31Z">
      <class name="test.LoginTest">
        <test-method status="PASS" signature="initiate()[pri:0, instance:test.LoginTest@1d119efb]" name="initiate" is-config="true" duration-ms="3727" started-at="2022-10-17T20:31:18Z" finished-at="2022-10-17T20:31:21Z">
          <reporter-output>
          </reporter-output>
        </test-method> <!-- initiate -->
        <test-method status="PASS" signature="login()[pri:0, instance:test.LoginTest@1d119efb]" name="login" is-config="true" duration-ms="3445" started-at="2022-10-17T20:31:21Z" finished-at="2022-10-17T20:31:25Z">
          <reporter-output>
          </reporter-output>
        </test-method> <!-- login -->
        <test-method status="PASS" signature="verifyLogin()[pri:0, instance:test.LoginTest@1d119efb]" name="verifyLogin" duration-ms="4802" started-at="2022-10-17T20:31:25Z" finished-at="2022-10-17T20:31:30Z">
          <reporter-output>
          </reporter-output>
        </test-method> <!-- verifyLogin -->
        <test-method status="PASS" signature="logout(org.testng.ITestResult)[pri:0, instance:test.LoginTest@1d119efb]" name="logout" is-config="true" duration-ms="389" started-at="2022-10-17T20:31:30Z" finished-at="2022-10-17T20:31:30Z">
          <params>
            <param index="0">
              <value>
                <![CDATA[[TestResult name=verifyLogin status=SUCCESS method=LoginTest.verifyLogin()[pri:0, instance:test.LoginTest@1d119efb] output={null}]]]>
              </value>
            </param>
          </params>
          <reporter-output>
          </reporter-output>
        </test-method> <!-- logout -->
        <test-method status="PASS" signature="tearDown()[pri:0, instance:test.LoginTest@1d119efb]" name="tearDown" is-config="true" duration-ms="887" started-at="2022-10-17T20:31:30Z" finished-at="2022-10-17T20:31:31Z">
          <reporter-output>
          </reporter-output>
        </test-method> <!-- tearDown -->
      </class> <!-- test.LoginTest -->
    </test> <!-- Test -->
  </suite> <!-- Suite -->
</testng-results>
