<?xml version="1.0" encoding="UTF-8"?>
<testng-results ignored="0" total="1" passed="1" failed="0" skipped="0">
  <reporter-output>
  </reporter-output>
  <suite started-at="2022-10-17T20:09:38 IST" name="Suite" finished-at="2022-10-17T20:09:47 IST" duration-ms="9356">
    <groups>
    </groups>
    <test started-at="2022-10-17T20:09:38 IST" name="Test" finished-at="2022-10-17T20:09:47 IST" duration-ms="9356">
      <class name="test.LoginTest">
        <test-method is-config="true" signature="initiate()[pri:0, instance:test.LoginTest@548a24a]" started-at="2022-10-17T20:09:38 IST" name="initiate" finished-at="2022-10-17T20:09:40 IST" duration-ms="2674" status="PASS">
          <reporter-output>
          </reporter-output>
        </test-method> <!-- initiate -->
        <test-method is-config="true" signature="login()[pri:0, instance:test.LoginTest@548a24a]" started-at="2022-10-17T20:09:40 IST" name="login" finished-at="2022-10-17T20:09:44 IST" duration-ms="3412" status="PASS">
          <reporter-output>
          </reporter-output>
        </test-method> <!-- login -->
        <test-method signature="verifyLogin()[pri:0, instance:test.LoginTest@548a24a]" started-at="2022-10-17T20:09:44 IST" name="verifyLogin" finished-at="2022-10-17T20:09:46 IST" duration-ms="2363" status="PASS">
          <reporter-output>
          </reporter-output>
        </test-method> <!-- verifyLogin -->
        <test-method is-config="true" signature="logout(org.testng.ITestResult)[pri:0, instance:test.LoginTest@548a24a]" started-at="2022-10-17T20:09:46 IST" name="logout" finished-at="2022-10-17T20:09:46 IST" duration-ms="318" status="PASS">
          <params>
            <param index="0">
              <value>
                <![CDATA[[TestResult name=verifyLogin status=SUCCESS method=LoginTest.verifyLogin()[pri:0, instance:test.LoginTest@548a24a] output={null}]]]>
              </value>
            </param>
          </params>
          <reporter-output>
          </reporter-output>
        </test-method> <!-- logout -->
        <test-method is-config="true" signature="tearDown()[pri:0, instance:test.LoginTest@548a24a]" started-at="2022-10-17T20:09:46 IST" name="tearDown" finished-at="2022-10-17T20:09:47 IST" duration-ms="494" status="PASS">
          <reporter-output>
          </reporter-output>
        </test-method> <!-- tearDown -->
      </class> <!-- test.LoginTest -->
    </test> <!-- Test -->
  </suite> <!-- Suite -->
</testng-results>
